<?xml version="1.0" encoding="UTF-8"?>
<testsuite xmlns:xsi="http://www.w3.org/2001/XMLSchema-instance" xsi:noNamespaceSchemaLocation="https://maven.apache.org/surefire/maven-surefire-plugin/xsd/surefire-test-report-3.0.xsd" version="3.0" name="com.example.EvenCheckerTest" time="0.152" tests="10" errors="0" skipped="0" failures="0">
  <properties>
    <property name="java.specification.version" value="23"/>
    <property name="sun.cpu.isalist" value="amd64"/>
    <property name="sun.jnu.encoding" value="Cp1252"/>
    <property name="java.class.path" value="C:\Users\AJAY\Documents\PLACEMENTS\cognizent\Digital-Nurture-4.0-JavaFSE\Deepskilling\Week2_JUnit_Mockito_and_SL4J\Advanced_JUnit_Testing_Exercises\Exercise1_ParameterizedTests\target\test-classes;C:\Users\AJAY\Documents\PLACEMENTS\cognizent\Digital-Nurture-4.0-JavaFSE\Deepskilling\Week2_JUnit_Mockito_and_SL4J\Advanced_JUnit_Testing_Exercises\Exercise1_ParameterizedTests\target\classes;C:\Users\AJAY\.m2\repository\org\junit\jupiter\junit-jupiter\5.10.0\junit-jupiter-5.10.0.jar;C:\Users\AJAY\.m2\repository\org\junit\jupiter\junit-jupiter-api\5.10.0\junit-jupiter-api-5.10.0.jar;C:\Users\AJAY\.m2\repository\org\opentest4j\opentest4j\1.3.0\opentest4j-1.3.0.jar;C:\Users\AJAY\.m2\repository\org\junit\platform\junit-platform-commons\1.10.0\junit-platform-commons-1.10.0.jar;C:\Users\AJAY\.m2\repository\org\apiguardian\apiguardian-api\1.1.2\apiguardian-api-1.1.2.jar;C:\Users\AJAY\.m2\repository\org\junit\jupiter\junit-jupiter-params\5.10.0\junit-jupiter-params-5.10.0.jar;C:\Users\AJAY\.m2\repository\org\junit\jupiter\junit-jupiter-engine\5.10.0\junit-jupiter-engine-5.10.0.jar;C:\Users\AJAY\.m2\repository\org\junit\platform\junit-platform-engine\1.10.0\junit-platform-engine-1.10.0.jar;"/>
    <property name="java.vm.vendor" value="Oracle Corporation"/>
    <property name="sun.arch.data.model" value="64"/>
    <property name="user.variant" value=""/>
    <property name="java.vendor.url" value="https://java.oracle.com/"/>
    <property name="user.timezone" value="Asia/Calcutta"/>
    <property name="os.name" value="Windows 11"/>
    <property name="java.vm.specification.version" value="23"/>
    <property name="sun.java.launcher" value="SUN_STANDARD"/>
    <property name="user.country" value="IN"/>
    <property name="sun.boot.library.path" value="C:\Program Files\Java\jdk-23\bin"/>
    <property name="sun.java.command" value="C:\Users\AJAY\AppData\Local\Temp\surefire18279488331073154474\surefirebooter-20250626134305988_3.jar C:\Users\AJAY\AppData\Local\Temp\surefire18279488331073154474 2025-06-26T13-43-03_923-jvmRun1 surefire-20250626134305988_1tmp surefire_0-20250626134305988_2tmp"/>
    <property name="jdk.debug" value="release"/>
    <property name="surefire.test.class.path" value="C:\Users\AJAY\Documents\PLACEMENTS\cognizent\Digital-Nurture-4.0-JavaFSE\Deepskilling\Week2_JUnit_Mockito_and_SL4J\Advanced_JUnit_Testing_Exercises\Exercise1_ParameterizedTests\target\test-classes;C:\Users\AJAY\Documents\PLACEMENTS\cognizent\Digital-Nurture-4.0-JavaFSE\Deepskilling\Week2_JUnit_Mockito_and_SL4J\Advanced_JUnit_Testing_Exercises\Exercise1_ParameterizedTests\target\classes;C:\Users\AJAY\.m2\repository\org\junit\jupiter\junit-jupiter\5.10.0\junit-jupiter-5.10.0.jar;C:\Users\AJAY\.m2\repository\org\junit\jupiter\junit-jupiter-api\5.10.0\junit-jupiter-api-5.10.0.jar;C:\Users\AJAY\.m2\repository\org\opentest4j\opentest4j\1.3.0\opentest4j-1.3.0.jar;C:\Users\AJAY\.m2\repository\org\junit\platform\junit-platform-commons\1.10.0\junit-platform-commons-1.10.0.jar;C:\Users\AJAY\.m2\repository\org\apiguardian\apiguardian-api\1.1.2\apiguardian-api-1.1.2.jar;C:\Users\AJAY\.m2\repository\org\junit\jupiter\junit-jupiter-params\5.10.0\junit-jupiter-params-5.10.0.jar;C:\Users\AJAY\.m2\repository\org\junit\jupiter\junit-jupiter-engine\5.10.0\junit-jupiter-engine-5.10.0.jar;C:\Users\AJAY\.m2\repository\org\junit\platform\junit-platform-engine\1.10.0\junit-platform-engine-1.10.0.jar;"/>
    <property name="sun.cpu.endian" value="little"/>
    <property name="user.home" value="C:\Users\AJAY"/>
    <property name="user.language" value="en"/>
    <property name="java.specification.vendor" value="Oracle Corporation"/>
    <property name="java.version.date" value="2024-10-15"/>
    <property name="java.home" value="C:\Program Files\Java\jdk-23"/>
    <property name="file.separator" value="\"/>
    <property name="basedir" value="C:\Users\AJAY\Documents\PLACEMENTS\cognizent\Digital-Nurture-4.0-JavaFSE\Deepskilling\Week2_JUnit_Mockito_and_SL4J\Advanced_JUnit_Testing_Exercises\Exercise1_ParameterizedTests"/>
    <property name="java.vm.compressedOopsMode" value="Zero based"/>
    <property name="line.separator" value="&#10;"/>
    <property name="java.vm.specification.vendor" value="Oracle Corporation"/>
    <property name="java.specification.name" value="Java Platform API Specification"/>
    <property name="surefire.real.class.path" value="C:\Users\AJAY\AppData\Local\Temp\surefire18279488331073154474\surefirebooter-20250626134305988_3.jar"/>
    <property name="user.script" value=""/>
    <property name="sun.management.compiler" value="HotSpot 64-Bit Tiered Compilers"/>
    <property name="java.runtime.version" value="23.0.1+11-39"/>
    <property name="user.name" value="AJAY"/>
    <property name="stdout.encoding" value="Cp1252"/>
    <property name="path.separator" value=";"/>
    <property name="os.version" value="10.0"/>
    <property name="java.runtime.name" value="Java(TM) SE Runtime Environment"/>
    <property name="file.encoding" value="UTF-8"/>
    <property name="java.vm.name" value="Java HotSpot(TM) 64-Bit Server VM"/>
    <property name="localRepository" value="C:\Users\AJAY\.m2\repository"/>
    <property name="java.vendor.url.bug" value="https://bugreport.java.com/bugreport/"/>
    <property name="java.io.tmpdir" value="C:\Users\AJAY\AppData\Local\Temp\"/>
    <property name="java.version" value="23.0.1"/>
    <property name="user.dir" value="C:\Users\AJAY\Documents\PLACEMENTS\cognizent\Digital-Nurture-4.0-JavaFSE\Deepskilling\Week2_JUnit_Mockito_and_SL4J\Advanced_JUnit_Testing_Exercises\Exercise1_ParameterizedTests"/>
    <property name="os.arch" value="amd64"/>
    <property name="java.vm.specification.name" value="Java Virtual Machine Specification"/>
    <property name="sun.os.patch.level" value=""/>
    <property name="native.encoding" value="Cp1252"/>
    <property name="java.library.path" value="C:\Program Files\Java\jdk-23\bin;C:\WINDOWS\Sun\Java\bin;C:\WINDOWS\system32;C:\WINDOWS;C:\Program Files\PowerShell\7;C:\app\AJAY\product\21c\dbhomeXE\bin;c:\Users\AJAY\AppData\Local\Programs\cursor\resources\app\bin;D:\VMware\bin\;C:\Program Files\Common Files\Oracle\Java\javapath;C:\Python312\Scripts\;C:\Python312\;C:\WINDOWS\system32;C:\WINDOWS;C:\WINDOWS\System32\Wbem;C:\WINDOWS\System32\WindowsPowerShell\v1.0\;C:\WINDOWS\System32\OpenSSH\;C:\Program Files\nodejs\;C:\ProgramData\chocolatey\bin;C:\Program Files (x86)\NVIDIA Corporation\PhysX\Common;C:\Program Files\MongoDB\Server\8.0\bin;C:\Program Files\NVIDIA Corporation\NVIDIA app\NvDLISR;C:\Program Files\Docker\Docker\resources\bin;C:\Program Files\ffmpeg-master-latest-win64-gpl\bin;C:\apache-maven-3.9.9\bin;C:\Program Files\playit_gg\bin\;C:\Program Files\dotnet\;D:\VMware\bin\;C:\Program Files\Common Files\Oracle\Java\javapath;C:\Python312\Scripts\;C:\Python312\;C:\WINDOWS\system32;C:\WINDOWS;C:\WINDOWS\System32\Wbem;C:\WINDOWS\System32\WindowsPowerShell\v1.0\;C:\WINDOWS\System32\OpenSSH\;C:\Program Files\nodejs\;C:\Progra;C:\Users\AJAY\Downloads\platform-tools-latest-windows\platform-tools;C:\Program Files\Cloudflare\Cloudflare WARP\;C:\Program Files\PowerShell\7\;C:\Program Files (x86)\HP\HP OCR\DB_Lib\;C:\Program Files\HP\Common\HPDestPlgIn\;C:\Program Files (x86)\HP\Common\HPDestPlgIn\;C:\Program Files\Git\cmd;D:\VMware\bin\;C:\Program Files\Common Files\Oracle\Java\javapath;C:\Python312\Scripts\;C:\Python312\;C:\WINDOWS\system32;C:\WINDOWS;C:\WINDOWS\System32\Wbem;C:\WINDOWS\System32\WindowsPowerShell\v1.0\;C:\WINDOWS\System32\OpenSSH\;C:\Program Files\Git\cmd;C:\Program Files\nodejs\;C:\ProgramData\chocolatey\bin;C:\Program Files\PowerShell\7\;C:\Program Files (x86)\NVIDIA Corporation\PhysX\Common;C:\Program Files\MongoDB\Server\8.0\bin;C:\Program Files\NVIDIA Corporation\NVIDIA app\NvDLISR;C:\Program Files\Docker\Docker\resources\bin;C:\Program Files\ffmpeg-master-latest-win64-gpl\bin;C:\Program Files\RedHat\Podman\;C:\Users\AJAY\AppData\Local\pnpm;C:\Users\AJAY\AppData\Local\Programs\oh-my-posh\bin\;C:\Users\AJAY\AppData\Local\Microsoft\WindowsApps;C:\Users\AJAY\AppData\Local\Microsoft\WinGet\Packages\Schniz.fnm_Microsoft.Winget.Source_8wekyb3d8bbwe;C:\Users\AJAY\AppData\Roaming\npm;C:\Program Files\MongoDB\Server\8.0\bin;C:\Program Files\JetBrains\Inte;C:\Users\AJAY\AppData\Local\Programs\Microsoft VS Code\bin;C:\Users\AJAY\AppData\Local\GitHubDesktop\bin;C:\Program Files\HP\Common\HPDestPlgIn\;C:\Program Files (x86)\HP\Common\HPDestPlgIn\;c:\Users\AJAY\AppData\Roaming\Code\User\globalStorage\github.copilot-chat\debugCommand;."/>
    <property name="java.vm.info" value="mixed mode, sharing"/>
    <property name="stderr.encoding" value="Cp1252"/>
    <property name="java.vendor" value="Oracle Corporation"/>
    <property name="java.vm.version" value="23.0.1+11-39"/>
    <property name="sun.io.unicode.encoding" value="UnicodeLittle"/>
    <property name="java.class.version" value="67.0"/>
  </properties>
  <testcase name="testOddNumbers(int)[1]" classname="com.example.EvenCheckerTest" time="0.06"/>
  <testcase name="testOddNumbers(int)[2]" classname="com.example.EvenCheckerTest" time="0.003"/>
  <testcase name="testOddNumbers(int)[3]" classname="com.example.EvenCheckerTest" time="0.002"/>
  <testcase name="testOddNumbers(int)[4]" classname="com.example.EvenCheckerTest" time="0.002"/>
  <testcase name="testOddNumbers(int)[5]" classname="com.example.EvenCheckerTest" time="0.001"/>
  <testcase name="testEvenNumbers(int)[1]" classname="com.example.EvenCheckerTest" time="0.001"/>
  <testcase name="testEvenNumbers(int)[2]" classname="com.example.EvenCheckerTest" time="0.0"/>
  <testcase name="testEvenNumbers(int)[3]" classname="com.example.EvenCheckerTest" time="0.0"/>
  <testcase name="testEvenNumbers(int)[4]" classname="com.example.EvenCheckerTest" time="0.001"/>
  <testcase name="testEvenNumbers(int)[5]" classname="com.example.EvenCheckerTest" time="0.001"/>
</testsuite>